0 info it worked if it ends with ok
1 verbose cli [ '/home/hhhao/.nvm/versions/node/v7.4.0/bin/node',
1 verbose cli   '/home/hhhao/.nvm/versions/node/v7.4.0/bin/npm',
1 verbose cli   'start' ]
2 info using npm@4.0.5
3 info using node@v7.4.0
4 verbose run-script [ 'prestart', 'start', 'poststart' ]
5 info lifecycle puzzles@0.0.0~prestart: puzzles@0.0.0
6 silly lifecycle puzzles@0.0.0~prestart: no script for prestart, continuing
7 info lifecycle puzzles@0.0.0~start: puzzles@0.0.0
8 verbose lifecycle puzzles@0.0.0~start: unsafe-perm in lifecycle true
9 verbose lifecycle puzzles@0.0.0~start: PATH: /home/hhhao/.nvm/versions/node/v7.4.0/lib/node_modules/npm/bin/node-gyp-bin:/home/hhhao/codecore/final_project/twisted-neurons/node_modules/.bin:/home/hhhao/.nvm/versions/node/v7.4.0/bin:/usr/local/heroku/bin:/home/hhhao/.rvm/gems/ruby-2.3.1/bin:/home/hhhao/.rvm/gems/ruby-2.3.1@global/bin:/home/hhhao/.rvm/rubies/ruby-2.3.1/bin:/home/hhhao/bin:/usr/local/bin:/usr/bin:/bin:/usr/bin/X11:/usr/games:/home/hhhao/.rvm/bin:/home/hhhao/.rvm/bin:/home/hhhao/.rvm/gems/ruby-2.3.1/bin
10 verbose lifecycle puzzles@0.0.0~start: CWD: /home/hhhao/codecore/final_project/twisted-neurons
11 silly lifecycle puzzles@0.0.0~start: Args: [ '-c', 'node app.js' ]
12 silly lifecycle puzzles@0.0.0~start: Returned: code: 1  signal: null
13 info lifecycle puzzles@0.0.0~start: Failed to exec start script
14 verbose stack Error: puzzles@0.0.0 start: `node app.js`
14 verbose stack Exit status 1
14 verbose stack     at EventEmitter.<anonymous> (/home/hhhao/.nvm/versions/node/v7.4.0/lib/node_modules/npm/lib/utils/lifecycle.js:279:16)
14 verbose stack     at emitTwo (events.js:106:13)
14 verbose stack     at EventEmitter.emit (events.js:191:7)
14 verbose stack     at ChildProcess.<anonymous> (/home/hhhao/.nvm/versions/node/v7.4.0/lib/node_modules/npm/lib/utils/spawn.js:40:14)
14 verbose stack     at emitTwo (events.js:106:13)
14 verbose stack     at ChildProcess.emit (events.js:191:7)
14 verbose stack     at maybeClose (internal/child_process.js:885:16)
14 verbose stack     at Process.ChildProcess._handle.onexit (internal/child_process.js:226:5)
15 verbose pkgid puzzles@0.0.0
16 verbose cwd /home/hhhao/codecore/final_project/twisted-neurons
17 error Linux 4.6.2-1-default
18 error argv "/home/hhhao/.nvm/versions/node/v7.4.0/bin/node" "/home/hhhao/.nvm/versions/node/v7.4.0/bin/npm" "start"
19 error node v7.4.0
20 error npm  v4.0.5
21 error code ELIFECYCLE
22 error puzzles@0.0.0 start: `node app.js`
22 error Exit status 1
23 error Failed at the puzzles@0.0.0 start script 'node app.js'.
23 error Make sure you have the latest version of node.js and npm installed.
23 error If you do, this is most likely a problem with the puzzles package,
23 error not with npm itself.
23 error Tell the author that this fails on your system:
23 error     node app.js
23 error You can get information on how to open an issue for this project with:
23 error     npm bugs puzzles
23 error Or if that isn't available, you can get their info via:
23 error     npm owner ls puzzles
23 error There is likely additional logging output above.
24 verbose exit [ 1, true ]
